<?xml version="1.0" encoding="UTF-8"?>
<testng-results ignored="0" total="1" passed="1" failed="0" skipped="0">
  <reporter-output>
  </reporter-output>
  <suite started-at="2021-11-10T11:07:07Z" name="Default suite" finished-at="2021-11-10T11:07:15Z" duration-ms="7576">
    <groups>
    </groups>
    <test started-at="2021-11-10T11:07:07Z" name="Default test" finished-at="2021-11-10T11:07:15Z" duration-ms="7576">
      <class name="com.example.selenium.searchHotelTest">
        <test-method is-config="true" signature="setup()[pri:0, instance:com.example.selenium.searchHotelTest@3f1d2e23]" started-at="2021-11-10T11:07:07Z" name="setup" finished-at="2021-11-10T11:07:12Z" duration-ms="4661" status="PASS">
          <reporter-output>
          </reporter-output>
        </test-method> <!-- setup -->
        <test-method signature="Search()[pri:0, instance:com.example.selenium.searchHotelTest@3f1d2e23]" started-at="2021-11-10T11:07:12Z" name="Search" finished-at="2021-11-10T11:07:14Z" duration-ms="2146" status="PASS">
          <reporter-output>
          </reporter-output>
        </test-method> <!-- Search -->
        <test-method is-config="true" signature="cleanup()[pri:0, instance:com.example.selenium.searchHotelTest@3f1d2e23]" started-at="2021-11-10T11:07:14Z" name="cleanup" finished-at="2021-11-10T11:07:15Z" duration-ms="719" status="PASS">
          <reporter-output>
          </reporter-output>
        </test-method> <!-- cleanup -->
      </class> <!-- com.example.selenium.searchHotelTest -->
    </test> <!-- Default test -->
  </suite> <!-- Default suite -->
</testng-results>
